<?xml version="1.0" encoding="UTF-8"?>
<!-- Generated by org.testng.reporters.JUnitReportReporter -->
<testsuite hostname="DESKTOP-AACR0J1" name="test_cases.Test_New_Project_Wizard" tests="10" failures="0" timestamp="26 Feb 2016 21:43:09 GMT" time="28.358" errors="0">
  <testcase name="test_Logout" time="1.561" classname="test_cases.Test_New_Project_Wizard"/>
  <testcase name="test_Select_Import_Instrument" time="0.099" classname="test_cases.Test_New_Project_Wizard"/>
  <testcase name="test_Name_New_Project" time="1.218" classname="test_cases.Test_New_Project_Wizard"/>
  <testcase name="test_Select_New_Project_Config_From_Scratch" time="5.395" classname="test_cases.Test_New_Project_Wizard"/>
  <testcase name="test_Select_Project_Settings" time="1.306" classname="test_cases.Test_New_Project_Wizard"/>
  <testcase name="test_Create_Project" time="1.073" classname="test_cases.Test_New_Project_Wizard"/>
  <testcase name="test_Set_New_Project_Duration" time="4.005" classname="test_cases.Test_New_Project_Wizard"/>
  <testcase name="test_Import_Instrument_JSON_from_Raw" time="9.438" classname="test_cases.Test_New_Project_Wizard"/>
  <testcase name="test_Login" time="2.211" classname="test_cases.Test_New_Project_Wizard"/>
  <testcase name="test_Select_Organization_Page" time="2.052" classname="test_cases.Test_New_Project_Wizard"/>
</testsuite> <!-- test_cases.Test_New_Project_Wizard -->
