<?xml version="1.0" encoding="UTF-8"?>
<!-- Generated by org.testng.reporters.JUnitReportReporter -->
<testsuite hostname="DESKTOP-AACR0J1" name="test_cases.Test_New_Survey_Builder" tests="7" failures="0" timestamp="2 Mar 2016 22:33:55 GMT" time="6.778" errors="0">
  <testcase name="test_Login" time="1.663" classname="test_cases.Test_New_Survey_Builder"/>
  <testcase name="test_Select_EMA_App_Page" time="0.037" classname="test_cases.Test_New_Survey_Builder"/>
  <testcase name="test_Logout" time="0.588" classname="test_cases.Test_New_Survey_Builder"/>
  <testcase name="test_Select_Instrument" time="0.698" classname="test_cases.Test_New_Survey_Builder"/>
  <testcase name="test_Select_New_Project_Name" time="1.580" classname="test_cases.Test_New_Survey_Builder"/>
  <testcase name="test_Select_EMA_Builder_Page" time="0.651" classname="test_cases.Test_New_Survey_Builder"/>
  <testcase name="test_Import_EMA_Config" time="1.561" classname="test_cases.Test_New_Survey_Builder"/>
</testsuite> <!-- test_cases.Test_New_Survey_Builder -->
