<?xml version="1.0" encoding="UTF-8"?>
<!-- Generated by org.testng.reporters.JUnitReportReporter -->
<testsuite hostname="DESKTOP-AACR0J1" name="test_cases.Test_New_Project_Wizard" tests="7" failures="0" timestamp="17 Mar 2016 16:33:20 GMT" time="9.505" errors="0">
  <testcase name="test_Login" time="1.402" classname="test_cases.Test_New_Project_Wizard"/>
  <testcase name="test_Import_EMA_Instrument_From_Organization" time="3.431" classname="test_cases.Test_New_Project_Wizard"/>
  <testcase name="test_Name_New_Project" time="0.949" classname="test_cases.Test_New_Project_Wizard"/>
  <testcase name="test_Set_New_Project_Duration" time="1.439" classname="test_cases.Test_New_Project_Wizard"/>
  <testcase name="test_Logout" time="0.571" classname="test_cases.Test_New_Project_Wizard"/>
  <testcase name="test_Create_Project" time="0.769" classname="test_cases.Test_New_Project_Wizard"/>
  <testcase name="test_Select_Organization_Page" time="0.944" classname="test_cases.Test_New_Project_Wizard"/>
</testsuite> <!-- test_cases.Test_New_Project_Wizard -->
