<?xml version="1.0" encoding="UTF-8"?>
<!-- Generated by org.testng.reporters.JUnitReportReporter -->
<testsuite hostname="DESKTOP-AACR0J1" name="test_cases.Test_New_Project_Wizard" tests="7" failures="0" timestamp="17 Mar 2016 15:29:04 GMT" time="9.148" errors="0">
  <testcase name="test_Set_New_Project_Duration" time="1.476" classname="test_cases.Test_New_Project_Wizard"/>
  <testcase name="test_Name_New_Project" time="0.828" classname="test_cases.Test_New_Project_Wizard"/>
  <testcase name="test_Logout" time="0.558" classname="test_cases.Test_New_Project_Wizard"/>
  <testcase name="test_Create_Project" time="0.688" classname="test_cases.Test_New_Project_Wizard"/>
  <testcase name="test_Select_Organization_Page" time="0.905" classname="test_cases.Test_New_Project_Wizard"/>
  <testcase name="test_Login" time="1.310" classname="test_cases.Test_New_Project_Wizard"/>
  <testcase name="test_Import_EMA_Instrument_From_Organization" time="3.383" classname="test_cases.Test_New_Project_Wizard"/>
</testsuite> <!-- test_cases.Test_New_Project_Wizard -->
