<?xml version="1.0" encoding="UTF-8"?>
<!-- Generated by org.testng.reporters.JUnitReportReporter -->
<testsuite hostname="DESKTOP-AACR0J1" name="test_cases.Test_New_Project_Wizard" tests="10" failures="0" timestamp="29 Feb 2016 16:57:26 GMT" time="21.557" errors="0">
  <testcase name="test_Name_New_Project" time="0.842" classname="test_cases.Test_New_Project_Wizard"/>
  <testcase name="test_Login" time="1.770" classname="test_cases.Test_New_Project_Wizard"/>
  <testcase name="test_Select_Organization_Page" time="1.065" classname="test_cases.Test_New_Project_Wizard"/>
  <testcase name="test_Select_New_Project_Config_From_Scratch" time="1.383" classname="test_cases.Test_New_Project_Wizard"/>
  <testcase name="test_Logout" time="0.551" classname="test_cases.Test_New_Project_Wizard"/>
  <testcase name="test_Create_Project" time="0.640" classname="test_cases.Test_New_Project_Wizard"/>
  <testcase name="test_Import_Instrument_JSON_from_Raw" time="9.102" classname="test_cases.Test_New_Project_Wizard"/>
  <testcase name="test_Select_Project_Settings" time="4.729" classname="test_cases.Test_New_Project_Wizard"/>
  <testcase name="test_Set_New_Project_Duration" time="1.364" classname="test_cases.Test_New_Project_Wizard"/>
  <testcase name="test_Select_Import_Instrument" time="0.111" classname="test_cases.Test_New_Project_Wizard"/>
</testsuite> <!-- test_cases.Test_New_Project_Wizard -->
