<?xml version="1.0" encoding="UTF-8"?>
<!-- Generated by org.testng.reporters.JUnitReportReporter -->
<testsuite hostname="DESKTOP-AACR0J1" name="test_cases.Test_Coordinate_Page" tests="6" failures="0" timestamp="17 Mar 2016 15:29:04 GMT" time="14.860" errors="0">
  <testcase name="test_Add_Participant_Action" time="1.846" classname="test_cases.Test_Coordinate_Page"/>
  <testcase name="test_Login" time="1.340" classname="test_cases.Test_Coordinate_Page"/>
  <testcase name="test_Create_New_Participant" time="1.476" classname="test_cases.Test_Coordinate_Page"/>
  <testcase name="test_Add_Participant_Device" time="3.177" classname="test_cases.Test_Coordinate_Page"/>
  <testcase name="test_Select_New_Project_Name" time="1.261" classname="test_cases.Test_Coordinate_Page"/>
  <testcase name="test_Schedule_Participant_Active_Period" time="5.760" classname="test_cases.Test_Coordinate_Page"/>
</testsuite> <!-- test_cases.Test_Coordinate_Page -->
