<?xml version="1.0" encoding="UTF-8"?>
<!-- Generated by org.testng.reporters.JUnitReportReporter -->
<testsuite hostname="DESKTOP-AACR0J1" name="test_cases.Test_New_Survey_Builder" tests="7" failures="0" timestamp="17 Mar 2016 16:33:20 GMT" time="6.844" errors="0">
  <testcase name="test_Select_New_Project_Name" time="1.262" classname="test_cases.Test_New_Survey_Builder"/>
  <testcase name="test_Select_EMA_Builder_Page" time="0.766" classname="test_cases.Test_New_Survey_Builder"/>
  <testcase name="test_Select_EMA_App_Page" time="0.039" classname="test_cases.Test_New_Survey_Builder"/>
  <testcase name="test_Login" time="1.754" classname="test_cases.Test_New_Survey_Builder"/>
  <testcase name="test_Import_EMA_Config" time="1.725" classname="test_cases.Test_New_Survey_Builder"/>
  <testcase name="test_Select_Instrument" time="0.713" classname="test_cases.Test_New_Survey_Builder"/>
  <testcase name="test_Logout" time="0.585" classname="test_cases.Test_New_Survey_Builder"/>
</testsuite> <!-- test_cases.Test_New_Survey_Builder -->
