<?xml version="1.0" encoding="UTF-8"?>
<!-- Generated by org.testng.reporters.JUnitReportReporter -->
<testsuite hostname="DESKTOP-AACR0J1" name="test_cases.Test_New_Project_Wizard" tests="7" failures="0" timestamp="2 Mar 2016 22:33:55 GMT" time="10.805" errors="0">
  <testcase name="test_Create_Project" time="0.769" classname="test_cases.Test_New_Project_Wizard"/>
  <testcase name="test_Logout" time="0.624" classname="test_cases.Test_New_Project_Wizard"/>
  <testcase name="test_Name_New_Project" time="0.846" classname="test_cases.Test_New_Project_Wizard"/>
  <testcase name="test_Login" time="1.734" classname="test_cases.Test_New_Project_Wizard"/>
  <testcase name="test_Set_New_Project_Duration" time="1.928" classname="test_cases.Test_New_Project_Wizard"/>
  <testcase name="test_Select_Organization_Page" time="0.968" classname="test_cases.Test_New_Project_Wizard"/>
  <testcase name="test_Import_EMA_Instrument_From_Organization" time="3.936" classname="test_cases.Test_New_Project_Wizard"/>
</testsuite> <!-- test_cases.Test_New_Project_Wizard -->
