<?xml version="1.0" encoding="UTF-8"?>
<!-- Generated by org.testng.reporters.JUnitReportReporter -->
<testsuite hostname="DESKTOP-AACR0J1" name="test_cases.Test_Coordinate_Page" tests="5" failures="0" timestamp="2 Mar 2016 22:33:55 GMT" time="12.279" errors="0">
  <testcase name="test_Add_Participant_Action" time="1.860" classname="test_cases.Test_Coordinate_Page"/>
  <testcase name="test_Schedule_Participant_Active_Period" time="5.894" classname="test_cases.Test_Coordinate_Page"/>
  <testcase name="test_Select_New_Project_Name" time="1.543" classname="test_cases.Test_Coordinate_Page"/>
  <testcase name="test_Login" time="1.687" classname="test_cases.Test_Coordinate_Page"/>
  <testcase name="test_Create_New_Participant" time="1.295" classname="test_cases.Test_Coordinate_Page"/>
</testsuite> <!-- test_cases.Test_Coordinate_Page -->
