<?xml version="1.0" encoding="UTF-8"?>
<!-- Generated by org.testng.reporters.JUnitReportReporter -->
<testsuite hostname="DESKTOP-AACR0J1" name="test_cases.Test_Coordinate_Page" tests="6" failures="0" timestamp="17 Mar 2016 16:33:20 GMT" time="15.115" errors="0">
  <testcase name="test_Create_New_Participant" time="1.434" classname="test_cases.Test_Coordinate_Page"/>
  <testcase name="test_Schedule_Participant_Active_Period" time="5.865" classname="test_cases.Test_Coordinate_Page"/>
  <testcase name="test_Add_Participant_Device" time="3.325" classname="test_cases.Test_Coordinate_Page"/>
  <testcase name="test_Add_Participant_Action" time="1.899" classname="test_cases.Test_Coordinate_Page"/>
  <testcase name="test_Login" time="1.326" classname="test_cases.Test_Coordinate_Page"/>
  <testcase name="test_Select_New_Project_Name" time="1.266" classname="test_cases.Test_Coordinate_Page"/>
</testsuite> <!-- test_cases.Test_Coordinate_Page -->
