<?xml version="1.0" encoding="UTF-8"?>
<!-- Generated by org.testng.reporters.JUnitReportReporter -->
<testsuite hostname="DESKTOP-AACR0J1" name="test_cases.Test_New_Project_Wizard" tests="10" failures="0" timestamp="24 Feb 2016 20:44:03 GMT" time="17.792" errors="0">
  <testcase name="test_Select_Organization_Page" time="1.163" classname="test_cases.Test_New_Project_Wizard"/>
  <testcase name="test_Create_Project" time="0.674" classname="test_cases.Test_New_Project_Wizard"/>
  <testcase name="test_Logout" time="0.578" classname="test_cases.Test_New_Project_Wizard"/>
  <testcase name="test_Import_Instrument_JSON_from_Raw" time="9.083" classname="test_cases.Test_New_Project_Wizard"/>
  <testcase name="test_Name_New_Project" time="0.881" classname="test_cases.Test_New_Project_Wizard"/>
  <testcase name="test_Select_Import_Instrument" time="0.114" classname="test_cases.Test_New_Project_Wizard"/>
  <testcase name="test_Login" time="1.766" classname="test_cases.Test_New_Project_Wizard"/>
  <testcase name="test_Select_New_Project_Config_From_Scratch" time="1.403" classname="test_cases.Test_New_Project_Wizard"/>
  <testcase name="test_Set_New_Project_Duration" time="1.384" classname="test_cases.Test_New_Project_Wizard"/>
  <testcase name="test_Select_Project_Settings" time="0.746" classname="test_cases.Test_New_Project_Wizard"/>
</testsuite> <!-- test_cases.Test_New_Project_Wizard -->
