<?xml version="1.0" encoding="UTF-8"?>
<!-- Generated by org.testng.reporters.JUnitReportReporter -->
<testsuite hostname="DESKTOP-AACR0J1" name="test_cases.Test_Coordinate_Page" tests="5" failures="0" timestamp="28 Dec 2015 16:05:52 GMT" time="32.613" errors="0">
  <testcase name="test_Verify_ViewGroups_Page" time="6.409" classname="test_cases.Test_Coordinate_Page"/>
  <testcase name="test_Select_Project" time="11.869" classname="test_cases.Test_Coordinate_Page"/>
  <testcase name="test_Verify_NewParticipant_Page" time="6.177" classname="test_cases.Test_Coordinate_Page"/>
  <testcase name="test_Login" time="1.825" classname="test_cases.Test_Coordinate_Page"/>
  <testcase name="test_View_Participant_Detail" time="6.333" classname="test_cases.Test_Coordinate_Page"/>
</testsuite> <!-- test_cases.Test_Coordinate_Page -->
