<?xml version="1.0" encoding="UTF-8"?>
<!-- Generated by org.testng.reporters.JUnitReportReporter -->
<testsuite hostname="DESKTOP-AACR0J1" name="test_cases.Test_EMA_App_Home" tests="6" failures="0" timestamp="29 Dec 2015 15:55:32 GMT" time="90.976" errors="0">
  <testcase name="test_Login" time="1.560" classname="test_cases.Test_EMA_App_Home"/>
  <testcase name="test_Verify_EMA_App_Page" time="0.057" classname="test_cases.Test_EMA_App_Home"/>
  <testcase name="test_Select_Instrument" time="0.951" classname="test_cases.Test_EMA_App_Home"/>
  <testcase name="test_Select_Project" time="11.534" classname="test_cases.Test_EMA_App_Home"/>
  <testcase name="test_Verify_EMA_Builder_Page" time="0.739" classname="test_cases.Test_EMA_App_Home"/>
  <testcase name="test_Verify_Config_Builder_Page" time="76.135" classname="test_cases.Test_EMA_App_Home"/>
</testsuite> <!-- test_cases.Test_EMA_App_Home -->
